Jul 14, 2018 04:46:32.550 [0x7f38123ff700] INFO - Plex Media Scanner v1.13.2.5154-fd05be322 - ubuntu docker x86_64 - build: linux-ubuntu-x86_64 - GMT -04:00
Jul 14, 2018 04:46:32.551 [0x7f38123ff700] INFO - Linux version: 4.15.0-24-generic (#26-Ubuntu SMP Wed Jun 13 08:44:47 UTC 2018), language: C
Jul 14, 2018 04:46:32.551 [0x7f38123ff700] INFO - Processor Intel(R) Core(TM) i7-4770R CPU @ 3.20GHz
Jul 14, 2018 04:46:32.551 [0x7f38123ff700] INFO - /usr/lib/plexmediaserver/Plex Media Scanner --generate --chapter-thumbs-only --item 4737 --log-file-suffix  Chapter Thumbnails
Jul 14, 2018 04:46:32.553 [0x7f381db69800] DEBUG - Opening 20 database sessions to library (com.plexapp.plugins.library), SQLite 3.13.0, threadsafe=1
Jul 14, 2018 04:46:32.645 [0x7f381db69800] DEBUG - Created chapter thumbnail for metadata item 4737, media item 9003 for chapter number 1:0 at "/config/Library/Application Support/Plex Media Server/Media/localhost/3/5acb4a7a4daedb68ac500f51da160e2632aef03.bundle/Contents/Chapters/chapter1.jpg"
Jul 14, 2018 04:46:32.675 [0x7f381db69800] DEBUG - Created chapter thumbnail for metadata item 4737, media item 9003 for chapter number 2:313897 at "/config/Library/Application Support/Plex Media Server/Media/localhost/3/5acb4a7a4daedb68ac500f51da160e2632aef03.bundle/Contents/Chapters/chapter2.jpg"
Jul 14, 2018 04:46:32.678 [0x7f381db69800] DEBUG - Created chapter thumbnail for metadata item 4737, media item 9003 for chapter number 3:760301 at "/config/Library/Application Support/Plex Media Server/Media/localhost/3/5acb4a7a4daedb68ac500f51da160e2632aef03.bundle/Contents/Chapters/chapter3.jpg"
Jul 14, 2018 04:46:32.681 [0x7f381db69800] DEBUG - Created chapter thumbnail for metadata item 4737, media item 9003 for chapter number 4:1147229 at "/config/Library/Application Support/Plex Media Server/Media/localhost/3/5acb4a7a4daedb68ac500f51da160e2632aef03.bundle/Contents/Chapters/chapter4.jpg"
Jul 14, 2018 04:46:32.684 [0x7f381db69800] DEBUG - Created chapter thumbnail for metadata item 4737, media item 9003 for chapter number 5:1784116 at "/config/Library/Application Support/Plex Media Server/Media/localhost/3/5acb4a7a4daedb68ac500f51da160e2632aef03.bundle/Contents/Chapters/chapter5.jpg"
Jul 14, 2018 04:46:32.686 [0x7f381db69800] DEBUG - Created chapter thumbnail for metadata item 4737, media item 9003 for chapter number 6:2432847 at "/config/Library/Application Support/Plex Media Server/Media/localhost/3/5acb4a7a4daedb68ac500f51da160e2632aef03.bundle/Contents/Chapters/chapter6.jpg"
Jul 14, 2018 04:46:32.689 [0x7f381db69800] DEBUG - Created chapter thumbnail for metadata item 4737, media item 9003 for chapter number 7:2884465 at "/config/Library/Application Support/Plex Media Server/Media/localhost/3/5acb4a7a4daedb68ac500f51da160e2632aef03.bundle/Contents/Chapters/chapter7.jpg"
Jul 14, 2018 04:46:32.691 [0x7f381db69800] DEBUG - Created chapter thumbnail for metadata item 4737, media item 9003 for chapter number 8:3626998 at "/config/Library/Application Support/Plex Media Server/Media/localhost/3/5acb4a7a4daedb68ac500f51da160e2632aef03.bundle/Contents/Chapters/chapter8.jpg"
Jul 14, 2018 04:46:32.700 [0x7f381db69800] DEBUG - Created chapter thumbnail for metadata item 4737, media item 9003 for chapter number 9:4173086 at "/config/Library/Application Support/Plex Media Server/Media/localhost/3/5acb4a7a4daedb68ac500f51da160e2632aef03.bundle/Contents/Chapters/chapter9.jpg"
Jul 14, 2018 04:46:32.703 [0x7f381db69800] DEBUG - Generated new chapter thumbnails for Batman: Bad Blood.
Jul 14, 2018 04:46:32.706 [0x7f381db69800] DEBUG - Created chapter thumbnail for metadata item 4737, media item 9581 for chapter number 1:0 at "/config/Library/Application Support/Plex Media Server/Media/localhost/d/24ccffc9b7982171ae4653b93f9229897332da6.bundle/Contents/Chapters/chapter1.jpg"
Jul 14, 2018 04:46:32.708 [0x7f381db69800] DEBUG - Created chapter thumbnail for metadata item 4737, media item 9581 for chapter number 2:313897 at "/config/Library/Application Support/Plex Media Server/Media/localhost/d/24ccffc9b7982171ae4653b93f9229897332da6.bundle/Contents/Chapters/chapter2.jpg"
Jul 14, 2018 04:46:32.711 [0x7f381db69800] DEBUG - Created chapter thumbnail for metadata item 4737, media item 9581 for chapter number 3:760301 at "/config/Library/Application Support/Plex Media Server/Media/localhost/d/24ccffc9b7982171ae4653b93f9229897332da6.bundle/Contents/Chapters/chapter3.jpg"
Jul 14, 2018 04:46:32.713 [0x7f381db69800] DEBUG - Created chapter thumbnail for metadata item 4737, media item 9581 for chapter number 4:1147229 at "/config/Library/Application Support/Plex Media Server/Media/localhost/d/24ccffc9b7982171ae4653b93f9229897332da6.bundle/Contents/Chapters/chapter4.jpg"
Jul 14, 2018 04:46:32.716 [0x7f381db69800] DEBUG - Created chapter thumbnail for metadata item 4737, media item 9581 for chapter number 5:1784116 at "/config/Library/Application Support/Plex Media Server/Media/localhost/d/24ccffc9b7982171ae4653b93f9229897332da6.bundle/Contents/Chapters/chapter5.jpg"
Jul 14, 2018 04:46:32.718 [0x7f381db69800] DEBUG - Created chapter thumbnail for metadata item 4737, media item 9581 for chapter number 6:2432847 at "/config/Library/Application Support/Plex Media Server/Media/localhost/d/24ccffc9b7982171ae4653b93f9229897332da6.bundle/Contents/Chapters/chapter6.jpg"
Jul 14, 2018 04:46:32.721 [0x7f381db69800] DEBUG - Created chapter thumbnail for metadata item 4737, media item 9581 for chapter number 7:2884465 at "/config/Library/Application Support/Plex Media Server/Media/localhost/d/24ccffc9b7982171ae4653b93f9229897332da6.bundle/Contents/Chapters/chapter7.jpg"
Jul 14, 2018 04:46:32.729 [0x7f381db69800] DEBUG - Created chapter thumbnail for metadata item 4737, media item 9581 for chapter number 8:3626998 at "/config/Library/Application Support/Plex Media Server/Media/localhost/d/24ccffc9b7982171ae4653b93f9229897332da6.bundle/Contents/Chapters/chapter8.jpg"
Jul 14, 2018 04:46:32.740 [0x7f381db69800] DEBUG - Created chapter thumbnail for metadata item 4737, media item 9581 for chapter number 9:4173086 at "/config/Library/Application Support/Plex Media Server/Media/localhost/d/24ccffc9b7982171ae4653b93f9229897332da6.bundle/Contents/Chapters/chapter9.jpg"
Jul 14, 2018 04:46:32.745 [0x7f381db69800] DEBUG - Generated new chapter thumbnails for Batman: Bad Blood.
