<SessionReport version="2" startTime="0" startTimestamp="Jul 14, 2018 20:57:01.503" key="/library/metadata/7204" session="f5cb716cda062bcd08828127eedacf38" transcode="f5cb716cda062bcd08828127eedacf38">
<User id="1" thumb="https://plex.tv/users/6e37435e450fa50f/avatar?c=1531519144" title="mrfoofs" />
<Player address="192.168.1.192" device="Roku 3" machineIdentifier="f5cb716cda062bcd08828127eedacf38" model="4200X" platform="Roku" platformVersion="8.x" product="Plex for Roku" remotePublicAddress="100.11.251.15" state="" title="Roku 3 - 1GJ37C003879" vendor="Roku" version="5.3.4.4700-6eba3ab84-Plex" local="1" userID="1" />
<Variants>
<Variant id="4c7be388-9104-4aec-bb7e-551d8f76349a" targetBitrate="8365" context="streaming" sourceVideoCodec="h264" sourceAudioCodec="ac3" videoDecision="copy" audioDecision="transcode" protocol="hls" container="mpegts" videoCodec="h264" audioCodec="aac" audioChannels="2" transcodeHwRequested="0" transcodeHwFullPipeline="1">
<Media id="15706" videoProfile="high" audioChannels="2" audioCodec="aac" bitrate="4112" container="mpegts" duration="8395680" height="800" protocol="hls" videoCodec="h264" videoFrameRate="24p" videoResolution="1080p" width="1920" selected="1">
<Part id="15722" videoProfile="high" bitrate="4112" container="mpegts" duration="8395680" height="800" protocol="hls" width="1920" decision="transcode" selected="1">
<Stream bitrate="3854" chromaLocation="left" codec="h264" colorPrimaries="bt709" colorTrc="bt709" default="1" displayTitle="Unknown (H.264 High)" frameRate="23.975999999999999" height="800" id="34501" streamType="1" width="1920" decision="copy" location="segments-av" />
<Stream bitrate="258" bitrateMode="cbr" channels="2" codec="aac" default="1" displayTitle="Surround (English AC3 5.1(side))" id="34502" language="English" languageCode="eng" selected="1" streamType="2" decision="transcode" location="segments-av" />
</Part>
</Media>
</Variant>
</Variants>
<SegmentList />
<PlaybackReports>
<Playback startTime="3592" endTime="30054" state="stopped" progress="0" />
</PlaybackReports>
<StateReports />
<StateReports />
</SessionReport>
