Jul 14, 2018 04:45:55.321 [0x7f38c3bff700] INFO - Plex Media Scanner v1.13.2.5154-fd05be322 - ubuntu docker x86_64 - build: linux-ubuntu-x86_64 - GMT -04:00
Jul 14, 2018 04:45:55.322 [0x7f38c3bff700] INFO - Linux version: 4.15.0-24-generic (#26-Ubuntu SMP Wed Jun 13 08:44:47 UTC 2018), language: C
Jul 14, 2018 04:45:55.322 [0x7f38c3bff700] INFO - Processor Intel(R) Core(TM) i7-4770R CPU @ 3.20GHz
Jul 14, 2018 04:45:55.322 [0x7f38c3bff700] INFO - /usr/lib/plexmediaserver/Plex Media Scanner --generate --chapter-thumbs-only --item 4741 --log-file-suffix  Chapter Thumbnails
Jul 14, 2018 04:45:55.324 [0x7f38cf429800] DEBUG - Opening 20 database sessions to library (com.plexapp.plugins.library), SQLite 3.13.0, threadsafe=1
Jul 14, 2018 04:45:55.417 [0x7f38cf429800] DEBUG - Created chapter thumbnail for metadata item 4741, media item 9007 for chapter number 1:0 at "/config/Library/Application Support/Plex Media Server/Media/localhost/e/50bd67d8f5937d10fe6bffcb0f859cb8a1dbacc.bundle/Contents/Chapters/chapter1.jpg"
Jul 14, 2018 04:45:55.437 [0x7f38cf429800] DEBUG - Created chapter thumbnail for metadata item 4741, media item 9007 for chapter number 2:297255 at "/config/Library/Application Support/Plex Media Server/Media/localhost/e/50bd67d8f5937d10fe6bffcb0f859cb8a1dbacc.bundle/Contents/Chapters/chapter2.jpg"
Jul 14, 2018 04:45:55.439 [0x7f38cf429800] DEBUG - Created chapter thumbnail for metadata item 4741, media item 9007 for chapter number 3:654988 at "/config/Library/Application Support/Plex Media Server/Media/localhost/e/50bd67d8f5937d10fe6bffcb0f859cb8a1dbacc.bundle/Contents/Chapters/chapter3.jpg"
Jul 14, 2018 04:45:55.442 [0x7f38cf429800] DEBUG - Created chapter thumbnail for metadata item 4741, media item 9007 for chapter number 4:839422 at "/config/Library/Application Support/Plex Media Server/Media/localhost/e/50bd67d8f5937d10fe6bffcb0f859cb8a1dbacc.bundle/Contents/Chapters/chapter4.jpg"
Jul 14, 2018 04:45:55.444 [0x7f38cf429800] DEBUG - Created chapter thumbnail for metadata item 4741, media item 9007 for chapter number 5:1095344 at "/config/Library/Application Support/Plex Media Server/Media/localhost/e/50bd67d8f5937d10fe6bffcb0f859cb8a1dbacc.bundle/Contents/Chapters/chapter5.jpg"
Jul 14, 2018 04:45:55.447 [0x7f38cf429800] DEBUG - Created chapter thumbnail for metadata item 4741, media item 9007 for chapter number 6:1267641 at "/config/Library/Application Support/Plex Media Server/Media/localhost/e/50bd67d8f5937d10fe6bffcb0f859cb8a1dbacc.bundle/Contents/Chapters/chapter6.jpg"
Jul 14, 2018 04:45:55.449 [0x7f38cf429800] DEBUG - Created chapter thumbnail for metadata item 4741, media item 9007 for chapter number 7:2048880 at "/config/Library/Application Support/Plex Media Server/Media/localhost/e/50bd67d8f5937d10fe6bffcb0f859cb8a1dbacc.bundle/Contents/Chapters/chapter7.jpg"
Jul 14, 2018 04:45:55.452 [0x7f38cf429800] DEBUG - Created chapter thumbnail for metadata item 4741, media item 9007 for chapter number 8:2272103 at "/config/Library/Application Support/Plex Media Server/Media/localhost/e/50bd67d8f5937d10fe6bffcb0f859cb8a1dbacc.bundle/Contents/Chapters/chapter8.jpg"
Jul 14, 2018 04:45:55.454 [0x7f38cf429800] DEBUG - Created chapter thumbnail for metadata item 4741, media item 9007 for chapter number 9:2564812 at "/config/Library/Application Support/Plex Media Server/Media/localhost/e/50bd67d8f5937d10fe6bffcb0f859cb8a1dbacc.bundle/Contents/Chapters/chapter9.jpg"
Jul 14, 2018 04:45:55.456 [0x7f38cf429800] DEBUG - Created chapter thumbnail for metadata item 4741, media item 9007 for chapter number 10:2984398 at "/config/Library/Application Support/Plex Media Server/Media/localhost/e/50bd67d8f5937d10fe6bffcb0f859cb8a1dbacc.bundle/Contents/Chapters/chapter10.jpg"
Jul 14, 2018 04:45:55.458 [0x7f38cf429800] DEBUG - Created chapter thumbnail for metadata item 4741, media item 9007 for chapter number 11:3237734 at "/config/Library/Application Support/Plex Media Server/Media/localhost/e/50bd67d8f5937d10fe6bffcb0f859cb8a1dbacc.bundle/Contents/Chapters/chapter11.jpg"
Jul 14, 2018 04:45:55.461 [0x7f38cf429800] DEBUG - Created chapter thumbnail for metadata item 4741, media item 9007 for chapter number 12:3497702 at "/config/Library/Application Support/Plex Media Server/Media/localhost/e/50bd67d8f5937d10fe6bffcb0f859cb8a1dbacc.bundle/Contents/Chapters/chapter12.jpg"
Jul 14, 2018 04:45:55.464 [0x7f38cf429800] DEBUG - Created chapter thumbnail for metadata item 4741, media item 9007 for chapter number 13:3567522 at "/config/Library/Application Support/Plex Media Server/Media/localhost/e/50bd67d8f5937d10fe6bffcb0f859cb8a1dbacc.bundle/Contents/Chapters/chapter13.jpg"
Jul 14, 2018 04:45:55.467 [0x7f38cf429800] DEBUG - Created chapter thumbnail for metadata item 4741, media item 9007 for chapter number 14:3735940 at "/config/Library/Application Support/Plex Media Server/Media/localhost/e/50bd67d8f5937d10fe6bffcb0f859cb8a1dbacc.bundle/Contents/Chapters/chapter14.jpg"
Jul 14, 2018 04:45:55.470 [0x7f38cf429800] DEBUG - Created chapter thumbnail for metadata item 4741, media item 9007 for chapter number 15:3995533 at "/config/Library/Application Support/Plex Media Server/Media/localhost/e/50bd67d8f5937d10fe6bffcb0f859cb8a1dbacc.bundle/Contents/Chapters/chapter15.jpg"
Jul 14, 2018 04:45:55.473 [0x7f38cf429800] DEBUG - Created chapter thumbnail for metadata item 4741, media item 9007 for chapter number 16:4113109 at "/config/Library/Application Support/Plex Media Server/Media/localhost/e/50bd67d8f5937d10fe6bffcb0f859cb8a1dbacc.bundle/Contents/Chapters/chapter16.jpg"
Jul 14, 2018 04:45:55.476 [0x7f38cf429800] DEBUG - Created chapter thumbnail for metadata item 4741, media item 9007 for chapter number 17:4548126 at "/config/Library/Application Support/Plex Media Server/Media/localhost/e/50bd67d8f5937d10fe6bffcb0f859cb8a1dbacc.bundle/Contents/Chapters/chapter17.jpg"
Jul 14, 2018 04:45:55.478 [0x7f38cf429800] DEBUG - Created chapter thumbnail for metadata item 4741, media item 9007 for chapter number 18:4857852 at "/config/Library/Application Support/Plex Media Server/Media/localhost/e/50bd67d8f5937d10fe6bffcb0f859cb8a1dbacc.bundle/Contents/Chapters/chapter18.jpg"
Jul 14, 2018 04:45:55.482 [0x7f38cf429800] DEBUG - Created chapter thumbnail for metadata item 4741, media item 9007 for chapter number 19:5382418 at "/config/Library/Application Support/Plex Media Server/Media/localhost/e/50bd67d8f5937d10fe6bffcb0f859cb8a1dbacc.bundle/Contents/Chapters/chapter19.jpg"
Jul 14, 2018 04:45:55.485 [0x7f38cf429800] DEBUG - Created chapter thumbnail for metadata item 4741, media item 9007 for chapter number 20:5537031 at "/config/Library/Application Support/Plex Media Server/Media/localhost/e/50bd67d8f5937d10fe6bffcb0f859cb8a1dbacc.bundle/Contents/Chapters/chapter20.jpg"
Jul 14, 2018 04:45:55.494 [0x7f38cf429800] DEBUG - Created chapter thumbnail for metadata item 4741, media item 9007 for chapter number 21:5640092 at "/config/Library/Application Support/Plex Media Server/Media/localhost/e/50bd67d8f5937d10fe6bffcb0f859cb8a1dbacc.bundle/Contents/Chapters/chapter21.jpg"
Jul 14, 2018 04:45:55.513 [0x7f38cf429800] DEBUG - Generated new chapter thumbnails for Cars 3.
