Jul 14, 2018 04:46:49.996 [0x7f7b923ff700] INFO - Plex Media Scanner v1.13.2.5154-fd05be322 - ubuntu docker x86_64 - build: linux-ubuntu-x86_64 - GMT -04:00
Jul 14, 2018 04:46:49.997 [0x7f7b923ff700] INFO - Linux version: 4.15.0-24-generic (#26-Ubuntu SMP Wed Jun 13 08:44:47 UTC 2018), language: C
Jul 14, 2018 04:46:49.997 [0x7f7b923ff700] INFO - Processor Intel(R) Core(TM) i7-4770R CPU @ 3.20GHz
Jul 14, 2018 04:46:49.997 [0x7f7b923ff700] INFO - /usr/lib/plexmediaserver/Plex Media Scanner --generate --chapter-thumbs-only --item 4735 --log-file-suffix  Chapter Thumbnails
Jul 14, 2018 04:46:49.956 [0x7f7b9dcd2800] DEBUG - Opening 20 database sessions to library (com.plexapp.plugins.library), SQLite 3.13.0, threadsafe=1
Jul 14, 2018 04:46:50.051 [0x7f7b9dcd2800] DEBUG - Created chapter thumbnail for metadata item 4735, media item 9001 for chapter number 1:0 at "/config/Library/Application Support/Plex Media Server/Media/localhost/8/18c8ef989e4f0058f1034d7068b64666d71a5c3.bundle/Contents/Chapters/chapter1.jpg"
Jul 14, 2018 04:46:50.073 [0x7f7b9dcd2800] DEBUG - Created chapter thumbnail for metadata item 4735, media item 9001 for chapter number 2:416000 at "/config/Library/Application Support/Plex Media Server/Media/localhost/8/18c8ef989e4f0058f1034d7068b64666d71a5c3.bundle/Contents/Chapters/chapter2.jpg"
Jul 14, 2018 04:46:50.075 [0x7f7b9dcd2800] DEBUG - Created chapter thumbnail for metadata item 4735, media item 9001 for chapter number 3:722000 at "/config/Library/Application Support/Plex Media Server/Media/localhost/8/18c8ef989e4f0058f1034d7068b64666d71a5c3.bundle/Contents/Chapters/chapter3.jpg"
Jul 14, 2018 04:46:50.078 [0x7f7b9dcd2800] DEBUG - Created chapter thumbnail for metadata item 4735, media item 9001 for chapter number 4:1152000 at "/config/Library/Application Support/Plex Media Server/Media/localhost/8/18c8ef989e4f0058f1034d7068b64666d71a5c3.bundle/Contents/Chapters/chapter4.jpg"
Jul 14, 2018 04:46:50.080 [0x7f7b9dcd2800] DEBUG - Created chapter thumbnail for metadata item 4735, media item 9001 for chapter number 5:1712000 at "/config/Library/Application Support/Plex Media Server/Media/localhost/8/18c8ef989e4f0058f1034d7068b64666d71a5c3.bundle/Contents/Chapters/chapter5.jpg"
Jul 14, 2018 04:46:50.082 [0x7f7b9dcd2800] DEBUG - Created chapter thumbnail for metadata item 4735, media item 9001 for chapter number 6:1991000 at "/config/Library/Application Support/Plex Media Server/Media/localhost/8/18c8ef989e4f0058f1034d7068b64666d71a5c3.bundle/Contents/Chapters/chapter6.jpg"
Jul 14, 2018 04:46:50.085 [0x7f7b9dcd2800] DEBUG - Created chapter thumbnail for metadata item 4735, media item 9001 for chapter number 7:2457000 at "/config/Library/Application Support/Plex Media Server/Media/localhost/8/18c8ef989e4f0058f1034d7068b64666d71a5c3.bundle/Contents/Chapters/chapter7.jpg"
Jul 14, 2018 04:46:50.087 [0x7f7b9dcd2800] DEBUG - Created chapter thumbnail for metadata item 4735, media item 9001 for chapter number 8:2914000 at "/config/Library/Application Support/Plex Media Server/Media/localhost/8/18c8ef989e4f0058f1034d7068b64666d71a5c3.bundle/Contents/Chapters/chapter8.jpg"
Jul 14, 2018 04:46:50.090 [0x7f7b9dcd2800] DEBUG - Created chapter thumbnail for metadata item 4735, media item 9001 for chapter number 9:3226000 at "/config/Library/Application Support/Plex Media Server/Media/localhost/8/18c8ef989e4f0058f1034d7068b64666d71a5c3.bundle/Contents/Chapters/chapter9.jpg"
Jul 14, 2018 04:46:50.092 [0x7f7b9dcd2800] DEBUG - Created chapter thumbnail for metadata item 4735, media item 9001 for chapter number 10:3717000 at "/config/Library/Application Support/Plex Media Server/Media/localhost/8/18c8ef989e4f0058f1034d7068b64666d71a5c3.bundle/Contents/Chapters/chapter10.jpg"
Jul 14, 2018 04:46:50.094 [0x7f7b9dcd2800] DEBUG - Created chapter thumbnail for metadata item 4735, media item 9001 for chapter number 11:4113000 at "/config/Library/Application Support/Plex Media Server/Media/localhost/8/18c8ef989e4f0058f1034d7068b64666d71a5c3.bundle/Contents/Chapters/chapter11.jpg"
Jul 14, 2018 04:46:50.097 [0x7f7b9dcd2800] DEBUG - Created chapter thumbnail for metadata item 4735, media item 9001 for chapter number 12:4606000 at "/config/Library/Application Support/Plex Media Server/Media/localhost/8/18c8ef989e4f0058f1034d7068b64666d71a5c3.bundle/Contents/Chapters/chapter12.jpg"
Jul 14, 2018 04:46:50.100 [0x7f7b9dcd2800] DEBUG - Created chapter thumbnail for metadata item 4735, media item 9001 for chapter number 13:4944000 at "/config/Library/Application Support/Plex Media Server/Media/localhost/8/18c8ef989e4f0058f1034d7068b64666d71a5c3.bundle/Contents/Chapters/chapter13.jpg"
Jul 14, 2018 04:46:50.102 [0x7f7b9dcd2800] DEBUG - Created chapter thumbnail for metadata item 4735, media item 9001 for chapter number 14:5481000 at "/config/Library/Application Support/Plex Media Server/Media/localhost/8/18c8ef989e4f0058f1034d7068b64666d71a5c3.bundle/Contents/Chapters/chapter14.jpg"
Jul 14, 2018 04:46:50.105 [0x7f7b9dcd2800] DEBUG - Created chapter thumbnail for metadata item 4735, media item 9001 for chapter number 15:6075000 at "/config/Library/Application Support/Plex Media Server/Media/localhost/8/18c8ef989e4f0058f1034d7068b64666d71a5c3.bundle/Contents/Chapters/chapter15.jpg"
Jul 14, 2018 04:46:50.107 [0x7f7b9dcd2800] DEBUG - Created chapter thumbnail for metadata item 4735, media item 9001 for chapter number 16:6656000 at "/config/Library/Application Support/Plex Media Server/Media/localhost/8/18c8ef989e4f0058f1034d7068b64666d71a5c3.bundle/Contents/Chapters/chapter16.jpg"
Jul 14, 2018 04:46:50.110 [0x7f7b9dcd2800] DEBUG - Created chapter thumbnail for metadata item 4735, media item 9001 for chapter number 17:7156000 at "/config/Library/Application Support/Plex Media Server/Media/localhost/8/18c8ef989e4f0058f1034d7068b64666d71a5c3.bundle/Contents/Chapters/chapter17.jpg"
Jul 14, 2018 04:46:50.113 [0x7f7b9dcd2800] DEBUG - Created chapter thumbnail for metadata item 4735, media item 9001 for chapter number 18:7363000 at "/config/Library/Application Support/Plex Media Server/Media/localhost/8/18c8ef989e4f0058f1034d7068b64666d71a5c3.bundle/Contents/Chapters/chapter18.jpg"
Jul 14, 2018 04:46:50.115 [0x7f7b9dcd2800] WARN - Could not find the placement within media 9001:/movies/Black Panther (2018)/Black Panther (2018) Bluray-1080p.mkv for chapter number 19
Jul 14, 2018 04:46:50.115 [0x7f7b9dcd2800] DEBUG - Skipped thumbnail for metadata item 4735, media item 9001 for chapter number 19:8072000
Jul 14, 2018 04:46:50.118 [0x7f7b9dcd2800] DEBUG - Generated new chapter thumbnails for Black Panther.
