Jul 15, 2018 03:35:15.112 [0x7f5eae3ff700] INFO - Plex Media Scanner v1.13.2.5154-fd05be322 - ubuntu docker x86_64 - build: linux-ubuntu-x86_64 - GMT -04:00
Jul 15, 2018 03:35:15.112 [0x7f5eae3ff700] INFO - Linux version: 4.15.0-24-generic (#26-Ubuntu SMP Wed Jun 13 08:44:47 UTC 2018), language: C
Jul 15, 2018 03:35:15.112 [0x7f5eae3ff700] INFO - Processor Intel(R) Core(TM) i7-4770R CPU @ 3.20GHz
Jul 15, 2018 03:35:15.112 [0x7f5eae3ff700] INFO - /usr/lib/plexmediaserver/Plex Media Scanner --analyze-deeply --item 3549 --log-file-suffix  Deep Analysis
Jul 15, 2018 03:35:15.116 [0x7f5eb9afb800] DEBUG - Opening 20 database sessions to library (com.plexapp.plugins.library), SQLite 3.13.0, threadsafe=1
Jul 15, 2018 03:35:15.204 [0x7f5eb9afb800] DEBUG - [MI] Opening input file: "/tv/Log Horizon/Log Horizon - 2x23 - Issac and Iselus.mkv"
Jul 15, 2018 03:35:15.205 [0x7f5eb9afb800] DEBUG - [FFMPEG] - Opening '/tv/Log Horizon/Log Horizon - 2x23 - Issac and Iselus.mkv' for reading
Jul 15, 2018 03:35:15.205 [0x7f5eb9afb800] DEBUG - [FFMPEG] - Setting default whitelist 'file,crypto'
Jul 15, 2018 03:35:15.265 [0x7f5eb9afb800] DEBUG - [FFMPEG] - Format matroska,webm probed with size=2048 and score=100
Jul 15, 2018 03:35:15.265 [0x7f5eb9afb800] DEBUG - [FFMPEG] - st:0 removing common factor 1000000 from timebase
Jul 15, 2018 03:35:15.266 [0x7f5eb9afb800] DEBUG - [FFMPEG] - st:1 removing common factor 1000000 from timebase
Jul 15, 2018 03:35:15.266 [0x7f5eb9afb800] DEBUG - [FFMPEG] - st:2 removing common factor 1000000 from timebase
Jul 15, 2018 03:35:15.266 [0x7f5eb9afb800] DEBUG - [FFMPEG] - st:3 removing common factor 1000000 from timebase
Jul 15, 2018 03:35:15.266 [0x7f5eb9afb800] DEBUG - [FFMPEG] - st:4 removing common factor 1000000 from timebase
Jul 15, 2018 03:35:15.266 [0x7f5eb9afb800] DEBUG - [FFMPEG] - Before avformat_find_stream_info() pos: 14445 bytes read:34977 seeks:2 nb_streams:5
Jul 15, 2018 03:35:15.267 [0x7f5eb9afb800] DEBUG - [FFMPEG] - nal_unit_type: 7, nal_ref_idc: 3
Jul 15, 2018 03:35:15.267 [0x7f5eb9afb800] DEBUG - [FFMPEG] - nal_unit_type: 8, nal_ref_idc: 3
Jul 15, 2018 03:35:15.267 [0x7f5eb9afb800] DEBUG - [FFMPEG] - nal_unit_type: 7, nal_ref_idc: 3
Jul 15, 2018 03:35:15.267 [0x7f5eb9afb800] DEBUG - [FFMPEG] - nal_unit_type: 8, nal_ref_idc: 3
Jul 15, 2018 03:35:15.268 [0x7f5eb9afb800] DEBUG - [FFMPEG] - nal_unit_type: 7, nal_ref_idc: 3
Jul 15, 2018 03:35:15.268 [0x7f5eb9afb800] DEBUG - [FFMPEG] - nal_unit_type: 8, nal_ref_idc: 3
Jul 15, 2018 03:35:15.268 [0x7f5eb9afb800] DEBUG - [FFMPEG] - nal_unit_type: 6, nal_ref_idc: 0
Jul 15, 2018 03:35:15.268 [0x7f5eb9afb800] DEBUG - [FFMPEG] - nal_unit_type: 5, nal_ref_idc: 3
Jul 15, 2018 03:35:15.268 [0x7f5eb9afb800] DEBUG - [FFMPEG] - Format yuv420p chosen by get_format().
Jul 15, 2018 03:35:15.270 [0x7f5eb9afb800] DEBUG - [FFMPEG] - no picture 
Jul 15, 2018 03:35:15.272 [0x7f5eb9afb800] DEBUG - [FFMPEG] - nal_unit_type: 1, nal_ref_idc: 2
Jul 15, 2018 03:35:15.273 [0x7f5eb9afb800] DEBUG - [FFMPEG] - no picture 
Jul 15, 2018 03:35:15.275 [0x7f5eb9afb800] DEBUG - [FFMPEG] - nal_unit_type: 1, nal_ref_idc: 2
Jul 15, 2018 03:35:15.278 [0x7f5eb9afb800] DEBUG - [FFMPEG] - nal_unit_type: 1, nal_ref_idc: 2
Jul 15, 2018 03:35:15.281 [0x7f5eb9afb800] DEBUG - [FFMPEG] - nal_unit_type: 1, nal_ref_idc: 2
Jul 15, 2018 03:35:15.284 [0x7f5eb9afb800] DEBUG - [FFMPEG] - nal_unit_type: 1, nal_ref_idc: 2
Jul 15, 2018 03:35:15.286 [0x7f5eb9afb800] DEBUG - [FFMPEG] - nal_unit_type: 1, nal_ref_idc: 2
Jul 15, 2018 03:35:15.288 [0x7f5eb9afb800] DEBUG - [FFMPEG] - nal_unit_type: 1, nal_ref_idc: 2
Jul 15, 2018 03:35:15.289 [0x7f5eb9afb800] DEBUG - [FFMPEG] - nal_unit_type: 1, nal_ref_idc: 2
Jul 15, 2018 03:35:15.291 [0x7f5eb9afb800] DEBUG - [FFMPEG] - All info found
Jul 15, 2018 03:35:15.291 [0x7f5eb9afb800] DEBUG - [FFMPEG] - After avformat_find_stream_info() pos: 33974 bytes read:67745 seeks:2 frames:34
Jul 15, 2018 03:35:15.821 [0x7f5eb9afb800] DEBUG - Deep Analysis: Read 10000 packets at 148.148000
Jul 15, 2018 03:35:16.148 [0x7f5eb9afb800] DEBUG - Deep Analysis: Read 20000 packets at 295.462000
Jul 15, 2018 03:35:16.391 [0x7f5eb9afb800] DEBUG - Deep Analysis: Read 30000 packets at 442.442000
Jul 15, 2018 03:35:16.685 [0x7f5eb9afb800] DEBUG - Deep Analysis: Read 40000 packets at 590.065000
Jul 15, 2018 03:35:17.027 [0x7f5eb9afb800] DEBUG - Deep Analysis: Read 50000 packets at 737.372000
Jul 15, 2018 03:35:17.317 [0x7f5eb9afb800] DEBUG - Deep Analysis: Read 60000 packets at 884.679000
Jul 15, 2018 03:35:17.618 [0x7f5eb9afb800] DEBUG - Deep Analysis: Read 70000 packets at 1032.080000
Jul 15, 2018 03:35:17.991 [0x7f5eb9afb800] DEBUG - Deep Analysis: Read 80000 packets at 1179.596000
Jul 15, 2018 03:35:18.265 [0x7f5eb9afb800] DEBUG - Deep Analysis: Read 90000 packets at 1326.718000
Jul 15, 2018 03:35:18.575 [0x7f5eb9afb800] DEBUG - Deep Analysis: Sorting packets
Jul 15, 2018 03:35:18.580 [0x7f5eb9afb800] DEBUG - Deep Analysis: Performing file bitrate analysis
Jul 15, 2018 03:35:18.590 [0x7f5eb9afb800] DEBUG - Deep Analysis: Performing stream bitrate analysis on stream 0
Jul 15, 2018 03:35:18.591 [0x7f5eb9afb800] DEBUG - Deep Analysis: Performing stream bitrate analysis on stream 1
Jul 15, 2018 03:35:18.591 [0x7f5eb9afb800] DEBUG - Deep Analysis: Performing stream bitrate analysis on stream 2
Jul 15, 2018 03:35:18.591 [0x7f5eb9afb800] DEBUG - Deep Analysis: Performing stream bitrate analysis on stream 3
Jul 15, 2018 03:35:18.595 [0x7f5eb9afb800] DEBUG - Deep Analysis: Performing stream bitrate analysis on stream 4
Jul 15, 2018 03:35:18.632 [0x7f5eb9afb800] DEBUG - Deep Analysis: Saving GoP analysis for stream 3
Jul 15, 2018 03:35:18.633 [0x7f5eb9afb800] DEBUG - Deep Analysis: Saving bitrate analysis
Jul 15, 2018 03:35:18.703 [0x7f5eb9afb800] DEBUG - Updating part with ID=7836 [/tv/Log Horizon/Log Horizon - 2x23 - Issac and Iselus.mkv]
Jul 15, 2018 03:35:18.810 [0x7f5eb9afb800] DEBUG - [MI] Closing input file: /tv/Log Horizon/Log Horizon - 2x23 - Issac and Iselus.mkv
Jul 15, 2018 03:35:18.813 [0x7f5eb9afb800] DEBUG - [FFMPEG] - Statistics: 587188698 bytes read, 3 seeks
